[17:30:00] [ServerMain/INFO]: Building unoptimized datafixer
[17:30:01] [ServerMain/INFO]: Environment: authHost='https://authserver.mojang.com', accountsHost='https://api.mojang.com', sessionHost='https://sessionserver.mojang.com', servicesHost='https://api.minecraftservices.com', name='PROD'
[17:30:03] [ServerMain/INFO]: Loaded 7 recipes
[17:30:03] [Server thread/INFO]: Starting minecraft server version 1.19.1
[17:30:03] [Server thread/INFO]: Loading properties
[17:30:03] [Server thread/INFO]: This server is running Paper version git-Paper-96 (MC: 1.19.1) (Implementing API version 1.19.1-R0.1-SNAPSHOT) (Git: 1f0d707)
[17:30:03] [Server thread/INFO]: Server Ping Player Sample Count: 12
[17:30:03] [Server thread/INFO]: Using 4 threads for Netty based IO
[17:30:04] [Server thread/INFO]: Default game type: SURVIVAL
[17:30:04] [Server thread/INFO]: Generating keypair
[17:30:04] [Server thread/INFO]: Starting Minecraft server on 0.0.0.0:25569
[17:30:04] [Server thread/INFO]: Using epoll channel type
[17:30:04] [Server thread/INFO]: Paper: Using libdeflate (Linux x86_64) compression from Velocity.
[17:30:04] [Server thread/INFO]: Paper: Using OpenSSL 1.1.x (Linux x86_64) cipher from Velocity.
[17:30:04] [Server thread/INFO]: [Chunky] Loading Chunky v1.2.217
[17:30:04] [Server thread/INFO]: Server permissions file permissions.yml is empty, ignoring it
[17:30:04] [Server thread/INFO]: Preparing level "world"
[17:30:04] [Server thread/INFO]: -------- World Settings For [world] --------
[17:30:04] [Server thread/INFO]: Item Merge Radius: 4.0
[17:30:04] [Server thread/INFO]: Item Despawn Rate: 6000
[17:30:04] [Server thread/INFO]: View Distance: 10
[17:30:04] [Server thread/INFO]: Simulation Distance: 10
[17:30:04] [Server thread/INFO]: Allow Zombie Pigmen to spawn from portal blocks: true
[17:30:04] [Server thread/INFO]: Arrow Despawn Rate: 300 Trident Respawn Rate:1200
[17:30:04] [Server thread/INFO]: Zombie Aggressive Towards Villager: true
[17:30:04] [Server thread/INFO]: Nerfing mobs spawned from spawners: true
[17:30:04] [Server thread/INFO]: Mob Spawn Range: 6
[17:30:04] [Server thread/INFO]: Experience Merge Radius: 6.0
[17:30:04] [Server thread/INFO]: Cactus Growth Modifier: 100%
[17:30:04] [Server thread/INFO]: Cane Growth Modifier: 100%
[17:30:04] [Server thread/INFO]: Melon Growth Modifier: 100%
[17:30:04] [Server thread/INFO]: Mushroom Growth Modifier: 100%
[17:30:04] [Server thread/INFO]: Pumpkin Growth Modifier: 100%
[17:30:04] [Server thread/INFO]: Sapling Growth Modifier: 100%
[17:30:04] [Server thread/INFO]: Beetroot Growth Modifier: 100%
[17:30:04] [Server thread/INFO]: Carrot Growth Modifier: 100%
[17:30:04] [Server thread/INFO]: Potato Growth Modifier: 100%
[17:30:04] [Server thread/INFO]: Wheat Growth Modifier: 100%
[17:30:04] [Server thread/INFO]: NetherWart Growth Modifier: 100%
[17:30:04] [Server thread/INFO]: Vine Growth Modifier: 100%
[17:30:04] [Server thread/INFO]: Cocoa Growth Modifier: 100%
[17:30:04] [Server thread/INFO]: Bamboo Growth Modifier: 100%
[17:30:04] [Server thread/INFO]: SweetBerry Growth Modifier: 100%
[17:30:04] [Server thread/INFO]: Kelp Growth Modifier: 100%
[17:30:04] [Server thread/INFO]: TwistingVines Growth Modifier: 100%
[17:30:04] [Server thread/INFO]: WeepingVines Growth Modifier: 100%
[17:30:04] [Server thread/INFO]: CaveVines Growth Modifier: 100%
[17:30:04] [Server thread/INFO]: GlowBerry Growth Modifier: 100%
[17:30:04] [Server thread/INFO]: Entity Activation Range: An 16 / Mo 24 / Ra 48 / Mi 8 / Tiv false / Isa false
[17:30:04] [Server thread/INFO]: Entity Tracking Range: Pl 48 / An 48 / Mo 48 / Mi 32 / Other 64
[17:30:04] [Server thread/INFO]: Hopper Transfer: 8 Hopper Check: 1 Hopper Amount: 1 Hopper Can Load Chunks: false
[17:30:04] [Server thread/INFO]: Custom Map Seeds:  Village: 10387312 Desert: 14357617 Igloo: 14357618 Jungle: 14357619 Swamp: 14357620 Monument: 10387313 Ocean: 14357621 Shipwreck: 165745295 End City: 10387313 Slime: 987234911 Nether: 30084232 Mansion: 10387319 Fossil: 14357921 Portal: 34222645
[17:30:04] [Server thread/INFO]: Max TNT Explosions: 100
[17:30:04] [Server thread/INFO]: Tile Max Tick Time: 1000ms Entity max Tick Time: 1000ms
[17:30:05] [Server thread/INFO]: -------- World Settings For [world_nether] --------
[17:30:05] [Server thread/INFO]: Item Merge Radius: 4.0
[17:30:05] [Server thread/INFO]: Item Despawn Rate: 6000
[17:30:05] [Server thread/INFO]: View Distance: 10
[17:30:05] [Server thread/INFO]: Simulation Distance: 10
[17:30:05] [Server thread/INFO]: Allow Zombie Pigmen to spawn from portal blocks: true
[17:30:05] [Server thread/INFO]: Arrow Despawn Rate: 300 Trident Respawn Rate:1200
[17:30:05] [Server thread/INFO]: Zombie Aggressive Towards Villager: true
[17:30:05] [Server thread/INFO]: Nerfing mobs spawned from spawners: true
[17:30:05] [Server thread/INFO]: Mob Spawn Range: 6
[17:30:05] [Server thread/INFO]: Experience Merge Radius: 6.0
[17:30:05] [Server thread/INFO]: Cactus Growth Modifier: 100%
[17:30:05] [Server thread/INFO]: Cane Growth Modifier: 100%
[17:30:05] [Server thread/INFO]: Melon Growth Modifier: 100%
[17:30:05] [Server thread/INFO]: Mushroom Growth Modifier: 100%
[17:30:05] [Server thread/INFO]: Pumpkin Growth Modifier: 100%
[17:30:05] [Server thread/INFO]: Sapling Growth Modifier: 100%
[17:30:05] [Server thread/INFO]: Beetroot Growth Modifier: 100%
[17:30:05] [Server thread/INFO]: Carrot Growth Modifier: 100%
[17:30:05] [Server thread/INFO]: Potato Growth Modifier: 100%
[17:30:05] [Server thread/INFO]: Wheat Growth Modifier: 100%
[17:30:05] [Server thread/INFO]: NetherWart Growth Modifier: 100%
[17:30:05] [Server thread/INFO]: Vine Growth Modifier: 100%
[17:30:05] [Server thread/INFO]: Cocoa Growth Modifier: 100%
[17:30:05] [Server thread/INFO]: Bamboo Growth Modifier: 100%
[17:30:05] [Server thread/INFO]: SweetBerry Growth Modifier: 100%
[17:30:05] [Server thread/INFO]: Kelp Growth Modifier: 100%
[17:30:05] [Server thread/INFO]: TwistingVines Growth Modifier: 100%
[17:30:05] [Server thread/INFO]: WeepingVines Growth Modifier: 100%
[17:30:05] [Server thread/INFO]: CaveVines Growth Modifier: 100%
[17:30:05] [Server thread/INFO]: GlowBerry Growth Modifier: 100%
[17:30:05] [Server thread/INFO]: Entity Activation Range: An 16 / Mo 24 / Ra 48 / Mi 8 / Tiv false / Isa false
[17:30:05] [Server thread/INFO]: Entity Tracking Range: Pl 48 / An 48 / Mo 48 / Mi 32 / Other 64
[17:30:05] [Server thread/INFO]: Hopper Transfer: 8 Hopper Check: 1 Hopper Amount: 1 Hopper Can Load Chunks: false
[17:30:05] [Server thread/INFO]: Custom Map Seeds:  Village: 10387312 Desert: 14357617 Igloo: 14357618 Jungle: 14357619 Swamp: 14357620 Monument: 10387313 Ocean: 14357621 Shipwreck: 165745295 End City: 10387313 Slime: 987234911 Nether: 30084232 Mansion: 10387319 Fossil: 14357921 Portal: 34222645
[17:30:05] [Server thread/INFO]: Max TNT Explosions: 100
[17:30:05] [Server thread/INFO]: Tile Max Tick Time: 1000ms Entity max Tick Time: 1000ms
[17:30:12] [Server thread/INFO]: -------- World Settings For [world_the_end] --------
[17:30:12] [Server thread/INFO]: Item Merge Radius: 4.0
[17:30:12] [Server thread/INFO]: Item Despawn Rate: 6000
[17:30:12] [Server thread/INFO]: View Distance: 10
[17:30:12] [Server thread/INFO]: Simulation Distance: 10
[17:30:12] [Server thread/INFO]: Allow Zombie Pigmen to spawn from portal blocks: true
[17:30:12] [Server thread/INFO]: Arrow Despawn Rate: 300 Trident Respawn Rate:1200
[17:30:12] [Server thread/INFO]: Zombie Aggressive Towards Villager: true
[17:30:12] [Server thread/INFO]: Nerfing mobs spawned from spawners: true
[17:30:12] [Server thread/INFO]: Mob Spawn Range: 6
[17:30:12] [Server thread/INFO]: Experience Merge Radius: 6.0
[17:30:12] [Server thread/INFO]: Cactus Growth Modifier: 100%
[17:30:12] [Server thread/INFO]: Cane Growth Modifier: 100%
[17:30:12] [Server thread/INFO]: Melon Growth Modifier: 100%
[17:30:12] [Server thread/INFO]: Mushroom Growth Modifier: 100%
[17:30:12] [Server thread/INFO]: Pumpkin Growth Modifier: 100%
[17:30:12] [Server thread/INFO]: Sapling Growth Modifier: 100%
[17:30:12] [Server thread/INFO]: Beetroot Growth Modifier: 100%
[17:30:12] [Server thread/INFO]: Carrot Growth Modifier: 100%
[17:30:12] [Server thread/INFO]: Potato Growth Modifier: 100%
[17:30:12] [Server thread/INFO]: Wheat Growth Modifier: 100%
[17:30:12] [Server thread/INFO]: NetherWart Growth Modifier: 100%
[17:30:12] [Server thread/INFO]: Vine Growth Modifier: 100%
[17:30:12] [Server thread/INFO]: Cocoa Growth Modifier: 100%
[17:30:12] [Server thread/INFO]: Bamboo Growth Modifier: 100%
[17:30:12] [Server thread/INFO]: SweetBerry Growth Modifier: 100%
[17:30:12] [Server thread/INFO]: Kelp Growth Modifier: 100%
[17:30:12] [Server thread/INFO]: TwistingVines Growth Modifier: 100%
[17:30:12] [Server thread/INFO]: WeepingVines Growth Modifier: 100%
[17:30:12] [Server thread/INFO]: CaveVines Growth Modifier: 100%
[17:30:12] [Server thread/INFO]: GlowBerry Growth Modifier: 100%
[17:30:12] [Server thread/INFO]: Entity Activation Range: An 16 / Mo 24 / Ra 48 / Mi 8 / Tiv false / Isa false
[17:30:12] [Server thread/INFO]: Entity Tracking Range: Pl 48 / An 48 / Mo 48 / Mi 32 / Other 64
[17:30:12] [Server thread/INFO]: Hopper Transfer: 8 Hopper Check: 1 Hopper Amount: 1 Hopper Can Load Chunks: false
[17:30:12] [Server thread/INFO]: Custom Map Seeds:  Village: 10387312 Desert: 14357617 Igloo: 14357618 Jungle: 14357619 Swamp: 14357620 Monument: 10387313 Ocean: 14357621 Shipwreck: 165745295 End City: 10387313 Slime: 987234911 Nether: 30084232 Mansion: 10387319 Fossil: 14357921 Portal: 34222645
[17:30:12] [Server thread/INFO]: Max TNT Explosions: 100
[17:30:12] [Server thread/INFO]: Tile Max Tick Time: 1000ms Entity max Tick Time: 1000ms
[17:30:12] [Server thread/INFO]: Preparing start region for dimension minecraft:overworld
[17:30:12] [Server thread/INFO]: Preparing spawn area: 0%
[17:30:12] [Server thread/INFO]: Preparing spawn area: 0%
[17:30:13] [Server thread/INFO]: Preparing spawn area: 0%
[17:30:13] [Server thread/INFO]: Preparing spawn area: 0%
[17:30:14] [Server thread/INFO]: Preparing spawn area: 0%
[17:30:14] [Server thread/INFO]: Time elapsed: 2143 ms
[17:30:14] [Server thread/INFO]: Preparing start region for dimension minecraft:the_nether
[17:30:14] [Server thread/INFO]: Preparing spawn area: 0%
[17:30:14] [Server thread/INFO]: Preparing spawn area: 0%
[17:30:15] [Server thread/INFO]: Time elapsed: 990 ms
[17:30:15] [Server thread/INFO]: Preparing start region for dimension minecraft:the_end
[17:30:15] [Server thread/INFO]: Preparing spawn area: 0%
[17:30:15] [Server thread/INFO]: Preparing spawn area: 0%
[17:30:16] [Server thread/INFO]: Time elapsed: 926 ms
[17:30:16] [Server thread/INFO]: [Chunky] Enabling Chunky v1.2.217
[17:30:16] [Server thread/INFO]: Running delayed init tasks
[17:30:16] [Server thread/INFO]: Done (12.637s)! For help, type "help"
[17:30:16] [Server thread/INFO]: Timings Reset
[17:30:26] [User Authenticator #1/INFO]: UUID of player RFSeyy is 1239ab6a-1918-43ef-ae88-ac9c343003b8
[17:30:26] [Server thread/INFO]: RFSeyy joined the game
[17:30:26] [Server thread/INFO]: RFSeyy[/91.173.40.220:18919] logged in with entity id 130 at ([world]9.5, 68.0, -3.5)
[17:30:31] [Async Chat Thread - #0/INFO]: <RFSeyy> tt
[17:30:34] [Server thread/INFO]: RFSeyy issued server command: /tps
[17:30:39] [Server thread/INFO]: Made RFSeyy a server operator
[17:30:41] [Server thread/INFO]: RFSeyy issued server command: /gamemode creative
[17:30:41] [Server thread/INFO]: [RFSeyy: Set own game mode to Creative Mode]
[17:31:48] [Server thread/INFO]: Stopping the server
[17:31:48] [Server thread/INFO]: Stopping server
[17:31:48] [Server thread/INFO]: [Chunky] Disabling Chunky v1.2.217
[17:31:48] [Server thread/INFO]: Saving players
[17:31:48] [Server thread/INFO]: RFSeyy lost connection: Server closed
[17:31:48] [Server thread/INFO]: RFSeyy left the game
[17:31:48] [Server thread/INFO]: Saving worlds
[17:31:50] [Server thread/INFO]: Saving chunks for level 'ServerLevel[world]'/minecraft:overworld
[17:31:51] [Server thread/INFO]: Saving chunks for level 'ServerLevel[world_nether]'/minecraft:the_nether
[17:31:51] [Server thread/INFO]: Saving chunks for level 'ServerLevel[world_the_end]'/minecraft:the_end
[17:31:51] [Server thread/INFO]: ThreadedAnvilChunkStorage (world): All chunks are saved
[17:31:51] [Server thread/INFO]: ThreadedAnvilChunkStorage (DIM-1): All chunks are saved
[17:31:51] [Server thread/INFO]: ThreadedAnvilChunkStorage (DIM1): All chunks are saved
[17:31:51] [Server thread/INFO]: ThreadedAnvilChunkStorage: All dimensions are saved
[17:31:51] [Server thread/INFO]: Saving usercache.json
[17:31:51] [Server thread/INFO]: Flushing Chunk IO
[17:31:51] [Server thread/INFO]: Closing Thread Pool
[17:31:51] [Server thread/INFO]: Closing Server
